<?xml version="1.0" encoding="UTF-8"?>
<!-- Generated by org.testng.reporters.JUnitXMLReporter -->
<testsuite hostname="LAPTOP-LHPKLU7B" ignored="2" tests="2" failures="0" timestamp="2022-09-14T22:12:19 IST" time="0.041" errors="0">
  <testcase name="demo5" time="0.006" classname="basicTestNg1"/>
  <testcase name="demo2" time="0.001" classname="basicTestNg1"/>
  <testcase name="demo4" time="0.0" classname="basicTestNg1">
    <ignored/>
  </testcase> <!-- demo4 -->
  <testcase name="demo3" time="0.0" classname="basicTestNg1">
    <ignored/>
  </testcase> <!-- demo3 -->
</testsuite>
